<?xml version="1.0" encoding="UTF-8" ?>
<testsuite errors="0" failures="1" hostname="mc139-12439" name="au.com.nicta.openshapa.uitests.UINewVariableTest" tests="1" time="11.276" timestamp="2009-03-24T03:00:06">
  <properties>
    <property name="java.runtime.name" value="Java(TM) SE Runtime Environment" />
    <property name="sun.boot.library.path" value="C:\Program Files\Java\jdk1.6.0_12\jre\bin" />
    <property name="java.vm.version" value="11.2-b01" />
    <property name="java.vm.vendor" value="Sun Microsystems Inc." />
    <property name="java.vendor.url" value="http://java.sun.com/" />
    <property name="path.separator" value=";" />
    <property name="java.vm.name" value="Java HotSpot(TM) Client VM" />
    <property name="file.encoding.pkg" value="sun.io" />
    <property name="user.country" value="AU" />
    <property name="sun.java.launcher" value="SUN_STANDARD" />
    <property name="sun.os.patch.level" value="Service Pack 3" />
    <property name="test" value="UINewVariableTest" />
    <property name="java.vm.specification.name" value="Java Virtual Machine Specification" />
    <property name="user.dir" value="D:\Michael\openshapa" />
    <property name="java.runtime.version" value="1.6.0_12-b04" />
    <property name="java.awt.graphicsenv" value="sun.awt.Win32GraphicsEnvironment" />
    <property name="basedir" value="D:\Michael\openshapa" />
    <property name="java.endorsed.dirs" value="C:\Program Files\Java\jdk1.6.0_12\jre\lib\endorsed" />
    <property name="os.arch" value="x86" />
    <property name="java.io.tmpdir" value="c:\Temp\" />
    <property name="line.separator" value="
" />
    <property name="java.vm.specification.vendor" value="Sun Microsystems Inc." />
    <property name="user.variant" value="" />
    <property name="os.name" value="Windows XP" />
    <property name="sun.jnu.encoding" value="Cp1252" />
    <property name="java.library.path" value="C:\Program Files\Java\jdk1.6.0_12\bin;.;C:\WINDOWS\Sun\Java\bin;C:\WINDOWS\system32;C:\WINDOWS;C:\WINDOWS\system32;C:\WINDOWS;C:\WINDOWS\System32\Wbem;C:\Program Files\Common Files\Roxio Shared\DLLShared\;C:\Program Files\QuickTime\QTSystem\;C:\Program Files\Git\cmd" />
    <property name="java.specification.name" value="Java Platform API Specification" />
    <property name="java.class.version" value="50.0" />
    <property name="sun.management.compiler" value="HotSpot Client Compiler" />
    <property name="os.version" value="5.1" />
    <property name="user.home" value="C:\Documents and Settings\uqul" />
    <property name="user.timezone" value="" />
    <property name="java.awt.printerjob" value="sun.awt.windows.WPrinterJob" />
    <property name="file.encoding" value="Cp1252" />
    <property name="java.specification.version" value="1.6" />
    <property name="user.name" value="uqul" />
    <property name="java.class.path" value="C:\Program Files\NetBeans 6.7 M2\java2\ant\patches\72080.jar;C:\Program Files\NetBeans 6.7 M2\java2\ant\patches\ant-42275.jar;C:\Program Files\NetBeans 6.7 M2\java2\ant\lib\ant.jar;C:\Program Files\NetBeans 6.7 M2\java2\ant\lib\ant-junit.jar;D:\Michael\openshapa\target\classes;D:\Michael\openshapa\src\main\java;D:\Michael\openshapa\target\test-classes;D:\Michael\openshapa\src\test\java;D:\Michael\openshapa\src\main\resources;C:\Documents and Settings\uqul\.m2\repository\junit\junit\4.3\junit-4.3.jar;C:\Documents and Settings\uqul\.m2\repository\junit-addons\junit-addons\1.4\junit-addons-1.4.jar;C:\Documents and Settings\uqul\.m2\repository\xerces\xercesImpl\2.6.2\xercesImpl-2.6.2.jar;C:\Documents and Settings\uqul\.m2\repository\xerces\xmlParserAPIs\2.6.2\xmlParserAPIs-2.6.2.jar;C:\Documents and Settings\uqul\.m2\repository\javax\script\script-api\1.0\script-api-1.0.jar;C:\Documents and Settings\uqul\.m2\repository\jruby\jruby_engine\1.1.6\jruby_engine-1.1.6.jar;C:\Documents and Settings\uqul\.m2\repository\org\jruby\jruby-complete\1.1RC3\jruby-complete-1.1RC3.jar;C:\Documents and Settings\uqul\.m2\repository\apache-log4j\log4j\1.2.14\log4j-1.2.14.jar;C:\Documents and Settings\uqul\.m2\repository\org\swinglabs\swing-layout\1.0.3\swing-layout-1.0.3.jar;C:\Documents and Settings\uqul\.m2\repository\org\mobicents\external\appframework\appframework\1.0.3\appframework-1.0.3.jar;C:\Documents and Settings\uqul\.m2\repository\org\mobicents\external\appframework\swing-worker\1.1\swing-worker-1.1.jar;C:\Documents and Settings\uqul\.m2\repository\quicktime\QTJava\7\QTJava-7.jar;C:\Documents and Settings\uqul\.m2\repository\uispec4j\uispec4j\1.5\uispec4j-1.5.jar;C:\Documents and Settings\uqul\.m2\repository\asm\asm\1.5.2\asm-1.5.2.jar;C:\Documents and Settings\uqul\.m2\repository\asm\asm-util\1.5.2\asm-util-1.5.2.jar;C:\Documents and Settings\uqul\.m2\repository\asm\asm-attrs\1.5.1\asm-attrs-1.5.1.jar" />
    <property name="java.vm.specification.version" value="1.0" />
    <property name="sun.arch.data.model" value="32" />
    <property name="java.home" value="C:\Program Files\Java\jdk1.6.0_12\jre" />
    <property name="java.specification.vendor" value="Sun Microsystems Inc." />
    <property name="user.language" value="en" />
    <property name="awt.toolkit" value="sun.awt.windows.WToolkit" />
    <property name="java.vm.info" value="mixed mode" />
    <property name="java.version" value="1.6.0_12" />
    <property name="java.ext.dirs" value="C:\Program Files\Java\jdk1.6.0_12\jre\lib\ext;C:\WINDOWS\Sun\Java\lib\ext" />
    <property name="sun.boot.class.path" value="C:\Program Files\Java\jdk1.6.0_12\jre\lib\resources.jar;C:\Program Files\Java\jdk1.6.0_12\jre\lib\rt.jar;C:\Program Files\Java\jdk1.6.0_12\jre\lib\sunrsasign.jar;C:\Program Files\Java\jdk1.6.0_12\jre\lib\jsse.jar;C:\Program Files\Java\jdk1.6.0_12\jre\lib\jce.jar;C:\Program Files\Java\jdk1.6.0_12\jre\lib\charsets.jar;C:\Program Files\Java\jdk1.6.0_12\jre\classes" />
    <property name="java.vendor" value="Sun Microsystems Inc." />
    <property name="file.separator" value="\" />
    <property name="java.vendor.url.bug" value="http://java.sun.com/cgi-bin/bugreport.cgi" />
    <property name="forkMode" value="once" />
    <property name="sun.cpu.endian" value="little" />
    <property name="sun.io.unicode.encoding" value="UnicodeLittle" />
    <property name="sun.desktop" value="windows" />
    <property name="sun.cpu.isalist" value="" />
  </properties>
  <testcase classname="au.com.nicta.openshapa.uitests.UINewVariableTest" name="testTextVariable" time="10.695">
    <failure message="No window was shown (timeout expired)" type="junit.framework.AssertionFailedError">junit.framework.AssertionFailedError: No window was shown (timeout expired)
	at org.uispec4j.interception.handlers.ShownInterceptionDetectionHandler.waitWindow(ShownInterceptionDetectionHandler.java:31)
	at org.uispec4j.interception.WindowInterceptor.run(WindowInterceptor.java:316)
	at org.uispec4j.interception.WindowInterceptor.run(WindowInterceptor.java:282)
	at org.uispec4j.interception.MainClassAdapter.intercept(MainClassAdapter.java:40)
	at org.uispec4j.interception.MainClassAdapter.getMainWindow(MainClassAdapter.java:34)
	at org.uispec4j.UISpecTestCase.getMainWindow(UISpecTestCase.java:83)
	at au.com.nicta.openshapa.uitests.UINewVariableTest.testTextVariable(UINewVariableTest.java:40)
</failure>
  </testcase>
  <system-out><![CDATA[]]></system-out>
  <system-err><![CDATA[Exception in thread "AWT-EventQueue-0" java.lang.ExceptionInInitializerError
	at au.com.nicta.openshapa.views.discrete.layouts.SheetLayoutFactory.getLayout(SheetLayoutFactory.java:40)
	at au.com.nicta.openshapa.views.discrete.SpreadsheetPanel.setLayoutType(SpreadsheetPanel.java:282)
	at au.com.nicta.openshapa.views.discrete.SpreadsheetPanel.<init>(SpreadsheetPanel.java:63)
	at au.com.nicta.openshapa.views.OpenSHAPAView.<init>(OpenSHAPAView.java:43)
	at au.com.nicta.openshapa.OpenSHAPA.startup(OpenSHAPA.java:206)
	at org.jdesktop.application.Application$1.run(Application.java:171)
	at java.awt.event.InvocationEvent.dispatch(InvocationEvent.java:209)
	at java.awt.EventQueue.dispatchEvent(EventQueue.java:597)
	at java.awt.EventDispatchThread.pumpOneEventForFilters(EventDispatchThread.java:269)
	at java.awt.EventDispatchThread.pumpEventsForFilter(EventDispatchThread.java:184)
	at java.awt.EventDispatchThread.pumpEventsForHierarchy(EventDispatchThread.java:174)
	at java.awt.EventDispatchThread.pumpEvents(EventDispatchThread.java:169)
	at java.awt.EventDispatchThread.pumpEvents(EventDispatchThread.java:161)
	at java.awt.EventDispatchThread.run(EventDispatchThread.java:122)
Caused by: java.lang.RuntimeException: Uncompilable source code
	at au.com.nicta.openshapa.views.discrete.layouts.SheetLayoutFactory$SheetLayoutType.values(SheetLayoutFactory.java)
	at au.com.nicta.openshapa.views.discrete.layouts.SheetLayoutFactory$1.<clinit>(SheetLayoutFactory.java:40)
	... 14 more
]]></system-err>
</testsuite>
